Live reload server started on port: 35729
Press CTRL+C to quit ...

[0;36minfo:[0m 13 plugins are installed 
[0;36minfo:[0m 10 explicitly listed 
[0;36minfo:[0m loading plugin "search-pro"... [0;32mOK[0m 
[0;36minfo:[0m loading plugin "sitemap-general"... [0;32mOK[0m 
[0;36minfo:[0m loading plugin "splitter"... [0;32mOK[0m 
[0;36minfo:[0m loading plugin "expandable-chapters"... [0;32mOK[0m 
[0;36minfo:[0m loading plugin "livereload"... [0;32mOK[0m 
[0;36minfo:[0m loading plugin "highlight"... [0;32mOK[0m 
[0;36minfo:[0m loading plugin "search"... [0;32mOK[0m 
[0;36minfo:[0m loading plugin "lunr"... [0;32mOK[0m 
[0;36minfo:[0m loading plugin "fontsettings"... [0;32mOK[0m 
[0;36minfo:[0m loading plugin "theme-default"... [0;32mOK[0m 
[0;36minfo:[0m found 16 pages 
[0;36minfo:[0m found 18 asset files 
[0;36minfo:[0m [0;32m>> [0mgeneration finished with success in 2.9s ! 

Starting server ...
Serving book on http://localhost:4000
Restart after change in file node_modules/concat-map/README.markdown

Stopping server
[0;36minfo:[0m 13 plugins are installed 
[0;36minfo:[0m 10 explicitly listed 
[0;36minfo:[0m loading plugin "search-pro"... [0;32mOK[0m 
[0;36minfo:[0m loading plugin "sitemap-general"... [0;32mOK[0m 
[0;36minfo:[0m loading plugin "splitter"... [0;32mOK[0m 
[0;36minfo:[0m loading plugin "expandable-chapters"... [0;32mOK[0m 
[0;36minfo:[0m loading plugin "livereload"... [0;32mOK[0m 
[0;36minfo:[0m loading plugin "highlight"... [0;32mOK[0m 
[0;36minfo:[0m loading plugin "search"... [0;32mOK[0m 
[0;36minfo:[0m loading plugin "lunr"... [0;32mOK[0m 
[0;36minfo:[0m loading plugin "fontsettings"... [0;32mOK[0m 
[0;36minfo:[0m loading plugin "theme-default"... [0;32mOK[0m 
[0;36minfo:[0m found 16 pages 
[0;36minfo:[0m found 19 asset files 
[0;36minfo:[0m [0;32m>> [0mgeneration finished with success in 2.8s ! 

Starting server ...
Serving book on http://localhost:4000
